L 06/16/2010 - 17:39:15: "B@BOi<2003><VALVE_0:0:882396738><TERRORIST>" say "/me" (dead)
L 06/16/2010 - 17:41:13: "B@BOi<2003><VALVE_0:0:882396738><TERRORIST>" say "/me" (dead)
L 06/16/2010 - 17:42:04: "B@BOi<2003><VALVE_0:0:882396738><TERRORIST>" say "/me" (dead)
L 06/16/2010 - 17:42:06: "B@BOi<2003><VALVE_0:0:882396738><TERRORIST>" say "/hp" (dead)
L 06/16/2010 - 17:42:20: "B@BOi<2003><VALVE_0:0:882396738><TERRORIST>" say "smenite map" (dead)
L 06/16/2010 - 17:42:26: "B@BOi<2003><VALVE_0:0:882396738><TERRORIST>" say "de_dust2" (dead)
L 06/16/2010 - 17:45:30: "B@BOi<2003><VALVE_0:0:882396738><TERRORIST>" say "ml9999" (dead)
L 06/16/2010 - 17:46:18: "B@BOi<2003><VALVE_0:0:882396738><TERRORIST>" say "balans eptr"
L 06/16/2010 - 17:48:37: "B@BOi<2003><VALVE_0:0:882396738><TERRORIST>" say "votemap" (dead)
L 06/16/2010 - 17:48:43: "B@BOi<2003><VALVE_0:0:882396738><TERRORIST>" say "dust2" (dead)
L 06/16/2010 - 17:48:51: "B@BOi<2003><VALVE_0:0:882396738><TERRORIST>" say "VOTEMAP GO!" (dead)
L 06/16/2010 - 17:49:02: "=>I<eJITbIu=<2002><STEAM_ID_LAN><TERRORIST>" say "B@BOi"
L 06/16/2010 - 17:49:06: "B@BOi<2003><VALVE_0:0:882396738><TERRORIST>" say "?"
L 06/16/2010 - 17:49:45: "B@BOi<2003><VALVE_0:0:882396738><TERRORIST>" say "/me" (dead)
L 06/16/2010 - 17:49:48: "B@BOi<2003><VALVE_0:0:882396738><TERRORIST>" say "/hp" (dead)
L 06/16/2010 - 17:49:55: "B@BOi<2003><VALVE_0:0:882396738><TERRORIST>" say "VOTEMAP PIWITE VSE" (dead)
L 06/16/2010 - 17:50:00: "B@BOi<2003><VALVE_0:0:882396738><TERRORIST>" say "votemap" (dead)
L 06/16/2010 - 17:50:09: "B@BOi<2003><VALVE_0:0:882396738><TERRORIST>" say "dust2" (dead)
L 06/16/2010 - 17:50:18: "B@BOi<2003><VALVE_0:0:882396738><TERRORIST>" say "dust2" (dead)
L 06/16/2010 - 17:50:35: "B@BOi<2003><VALVE_0:0:882396738><TERRORIST>" say "aaa" (dead)
L 06/16/2010 - 17:50:46: "B@BOi<2003><VALVE_0:0:882396738><TERRORIST>" say "votemap" (dead)
L 06/16/2010 - 17:50:54: "B@BOi<2003><VALVE_0:0:882396738><TERRORIST>" say "PIWEM VSE VOTEMAP!!!!!!!!!!!!!" (dead)
L 06/16/2010 - 17:51:31: "B@BOi<2003><VALVE_0:0:882396738><TERRORIST>" say "pandom qq" (dead)
L 06/16/2010 - 17:51:43: "B@BOi<2003><VALVE_0:0:882396738><TERRORIST>" say "go votemap" (dead)
L 06/16/2010 - 17:51:49: "B@BOi<2003><VALVE_0:0:882396738><TERRORIST>" say "votemap" (dead)
L 06/16/2010 - 17:52:11: "B@BOi<2003><VALVE_0:0:882396738><TERRORIST>" say "VOTEMAP" (dead)
L 06/16/2010 - 17:52:36: "B@BOi<2003><VALVE_0:0:882396738><TERRORIST>" say "/me" (dead)
L 06/16/2010 - 17:52:51: "B@BOi<2003><VALVE_0:0:882396738><TERRORIST>" say "D" (dead)
L 06/16/2010 - 17:52:57: "B@BOi<2003><VALVE_0:0:882396738><TERRORIST>" say "geltyi votemap piwi" (dead)
L 06/16/2010 - 17:53:14: "B@BOi<2003><VALVE_0:0:882396738><TERRORIST>" say "go vote" (dead)
L 06/16/2010 - 17:53:25: "B@BOi<2003><VALVE_0:0:882396738><TERRORIST>" say "votemap" (dead)
L 06/16/2010 - 17:53:32: "B@BOi<2003><VALVE_0:0:882396738><TERRORIST>" say "votemap" (dead)
L 06/16/2010 - 17:54:48: "B@BOi<2003><VALVE_0:0:882396738><TERRORIST>" say "/me" (dead)
L 06/16/2010 - 17:55:08: "B@BOi<2003><VALVE_0:0:882396738><TERRORIST>" say "D" (dead)
L 06/16/2010 - 17:55:57: "B@BOi<2003><VALVE_0:0:882396738><TERRORIST>" say "zemaaaa ty suka tupa9 ne podpirai" (dead)
L 06/16/2010 - 17:56:34: "B@BOi<2003><VALVE_0:0:882396738><TERRORIST>" say "votemap nacx vse" (dead)
L 06/16/2010 - 17:56:38: "B@BOi<2003><VALVE_0:0:882396738><TERRORIST>" say "votemap" (dead)
L 06/16/2010 - 17:56:43: "B@BOi<2003><VALVE_0:0:882396738><TERRORIST>" say "ewe 4" (dead)
L 06/16/2010 - 17:57:12: "B@BOi<2003><VALVE_0:0:882396738><TERRORIST>" say "krysa" (dead)
L 06/16/2010 - 17:58:03: "B@BOi<2003><VALVE_0:0:882396738><TERRORIST>" say "DDaxaxaxaxaxax" (dead)
L 06/16/2010 - 17:58:13: "B@BOi<2003><VALVE_0:0:882396738><TERRORIST>" say "master smeni mapyyyyyy)" (dead)
L 06/16/2010 - 17:58:24: "B@BOi<2003><VALVE_0:0:882396738><TERRORIST>" say "x(" (dead)
L 06/16/2010 - 17:58:28: "B@BOi<2003><VALVE_0:0:882396738><TERRORIST>" say "votemap" (dead)
L 06/16/2010 - 18:00:18: "B@BOi<2003><VALVE_0:0:882396738><TERRORIST>" say "votemap" (dead)
L 06/16/2010 - 18:00:22: "B@BOi<2003><VALVE_0:0:882396738><TERRORIST>" say "cs_pf_dust"
L 06/16/2010 - 18:00:43: "B@BOi<2003><VALVE_0:0:882396738><TERRORIST>" say "/me" (dead)
L 06/16/2010 - 18:00:46: "B@BOi<2003><VALVE_0:0:882396738><TERRORIST>" say "ny ml9" (dead)
L 06/16/2010 - 18:01:08: "B@BOi<2003><VALVE_0:0:882396738><TERRORIST>" say "votemap" (dead)
L 06/16/2010 - 18:01:11: "B@BOi<2003><VALVE_0:0:882396738><TERRORIST>" say "ml9" (dead)
L 06/16/2010 - 18:01:36: "whor!?<2037><STEAM_ID_LAN><TERRORIST>" say "packa]-[u 3To B@BOi" (dead)
L 06/16/2010 - 18:01:50: "B@BOi<2003><VALVE_0:0:882396738><TERRORIST>" say "y T9 kakie prava B ili B,C XD" (dead)
L 06/16/2010 - 18:02:02: "B@BOi<2003><VALVE_0:0:882396738><TERRORIST>" say "D"
L 06/16/2010 - 18:02:29: "B@BOi<2003><VALVE_0:0:882396738><TERRORIST>" say "/me" (dead)
L 06/16/2010 - 18:02:57: "B@BOi<2003><VALVE_0:0:882396738><TERRORIST>" say "votemap" (dead)
L 06/16/2010 - 18:04:06: "B@BOi<2003><VALVE_0:0:882396738><TERRORIST>" say "/me" (dead)
L 06/16/2010 - 18:04:14: "B@BOi<2003><VALVE_0:0:882396738><TERRORIST>" say "votemap" (dead)
L 06/16/2010 - 18:04:24: "B@BOi<2003><VALVE_0:0:882396738><TERRORIST>" say "ml9 ny napiwite votemap" (dead)
L 06/16/2010 - 18:04:33: "B@BOi<2003><VALVE_0:0:882396738><TERRORIST>" say "vsmlysle?" (dead)
L 06/16/2010 - 18:04:41: "B@BOi<2003><VALVE_0:0:882396738><TERRORIST>" say "ty popytal?" (dead)
L 06/16/2010 - 18:04:49: "bang<2067><STEAM_0:0:28278667><TERRORIST>" say "gidra off"
L 06/16/2010 - 18:05:10: "B@BOi<2003><VALVE_0:0:882396738><TERRORIST>" say "pisky otrasti g1dra potom bazar"
L 06/16/2010 - 18:06:23: "bang<2067><STEAM_0:0:28278667><TERRORIST>" say "pf_dust"
L 06/16/2010 - 18:08:26: "B@BOi<2003><VALVE_0:0:882396738><TERRORIST>" say "DDaxaxaxaxaxaxaaaax" (dead)
L 06/16/2010 - 18:08:35: "bang<2067><STEAM_0:0:28278667><SPECTATOR>" say_team "2to lol"
L 06/16/2010 - 18:08:48: "B@BOi<2003><VALVE_0:0:882396738><TERRORIST>" say "krasotka 4e ewe skazatD" (dead)
L 06/16/2010 - 18:08:52: "bang<2067><STEAM_0:0:28278667><SPECTATOR>" say_team "u3BuHutbc9 he cydb6a?"
L 06/16/2010 - 18:09:00: "B@BOi<2003><VALVE_0:0:882396738><TERRORIST>" say "go dust2"
