L 06/16/2010 - 18:11:24: "B@BOi<2084><VALVE_0:0:882396738><TERRORIST>" say "O_o" (dead)
L 06/16/2010 - 18:12:00: "bang<2067><STEAM_0:0:28278667><SPECTATOR>" say " a 4ero tbI rpy6uwb?"
L 06/16/2010 - 18:12:13: "B@BOi<2084><VALVE_0:0:882396738><TERRORIST>" say "kto takoi smelyi nomera telefonov ostavteD" (dead)
L 06/16/2010 - 18:12:18: "bang<2067><STEAM_0:0:28278667><CT>" say "qq"
L 06/16/2010 - 18:12:24: "B@BOi<2084><VALVE_0:0:882396738><TERRORIST>" say "q"
L 06/16/2010 - 18:12:45: "B@BOi<2084><VALVE_0:0:882396738><TERRORIST>" say "/me" (dead)
L 06/16/2010 - 18:13:26: "B@BOi<2084><VALVE_0:0:882396738><TERRORIST>" say "bang zaeb szadi krysenyw D" (dead)
L 06/16/2010 - 18:14:05: "B@BOi<2084><VALVE_0:0:882396738><TERRORIST>" say "aztec" (dead)
L 06/16/2010 - 18:14:09: "bang<2067><STEAM_0:0:28278667><SPECTATOR>" say "9 kpbIceHbIwb?"
L 06/16/2010 - 18:14:10: "B@BOi<2084><VALVE_0:0:882396738><TERRORIST>" say "cs_pf_dust" (dead)
L 06/16/2010 - 18:14:10: "bang<2067><STEAM_0:0:28278667><SPECTATOR>" say "Oo"
L 06/16/2010 - 18:14:21: "bang<2067><STEAM_0:0:28278667><SPECTATOR>" say " tbI e*JIom He weJikau"
L 06/16/2010 - 18:14:42: "bang<2067><STEAM_0:0:28278667><SPECTATOR>" say "u haywHuku odeHb"
L 06/16/2010 - 18:15:25: "bang<2067><STEAM_0:0:28278667><CT>" say "udu y4u)"
L 06/16/2010 - 18:15:53: "B@BOi<2084><VALVE_0:0:882396738><TERRORIST>" say "D" (dead)
L 06/16/2010 - 18:16:07: "B@BOi<2084><VALVE_0:0:882396738><TERRORIST>" say "\" (dead)
L 06/16/2010 - 18:16:52: "B@BOi<2084><VALVE_0:0:882396738><TERRORIST>" say "D" (dead)
L 06/16/2010 - 18:17:13: "B@BOi<2084><VALVE_0:0:882396738><TERRORIST>" say "arhive ty otkuda?" (dead)
L 06/16/2010 - 18:17:28: "B@BOi<2084><VALVE_0:0:882396738><TERRORIST>" say "D"
L 06/16/2010 - 18:17:43: "B@BOi<2084><VALVE_0:0:882396738><TERRORIST>" say "banggggggggggggg" (dead)
L 06/16/2010 - 18:17:57: "B@BOi<2084><VALVE_0:0:882396738><TERRORIST>" say "silet bang D" (dead)
L 06/16/2010 - 18:18:06: "bang<2067><STEAM_0:0:28278667><SPECTATOR>" say "rarararara"
L 06/16/2010 - 18:18:29: "B@BOi<2084><VALVE_0:0:882396738><TERRORIST>" say "o4iwaet vse na svete new silet bang D" (dead)
L 06/16/2010 - 18:19:05: "B@BOi<2084><VALVE_0:0:882396738><TERRORIST>" say "/hp" (dead)
L 06/16/2010 - 18:19:29: "bang<2067><STEAM_0:0:28278667><SPECTATOR>" say "ox u wyctpbIe"
L 06/16/2010 - 18:19:48: "B@BOi<2084><VALVE_0:0:882396738><TERRORIST>" say "q" (dead)
L 06/16/2010 - 18:19:52: "B@BOi<2084><VALVE_0:0:882396738><TERRORIST>" say "na marse D" (dead)
L 06/16/2010 - 18:20:13: "B@BOi<2084><VALVE_0:0:882396738><TERRORIST>" say "neee lenon D" (dead)
L 06/16/2010 - 18:20:51: "B@BOi<2084><VALVE_0:0:882396738><TERRORIST>" say "ml09" (dead)
L 06/16/2010 - 18:20:53: "B@BOi<2084><VALVE_0:0:882396738><TERRORIST>" say "/hp" (dead)
L 06/16/2010 - 18:20:58: "B@BOi<2084><VALVE_0:0:882396738><TERRORIST>" say "/me" (dead)
L 06/16/2010 - 18:21:21: "bang<2067><STEAM_0:0:28278667><SPECTATOR>" say "ept flomactep("
L 06/16/2010 - 18:21:54: "B@BOi<2084><VALVE_0:0:882396738><TERRORIST>" say "awp_city" (dead)
L 06/16/2010 - 18:22:00: "B@BOi<2084><VALVE_0:0:882396738><TERRORIST>" say "go awp city" (dead)
L 06/16/2010 - 18:22:32: "B@BOi<2084><VALVE_0:0:882396738><TERRORIST>" say "G1dra zakrois9 ne besi men9 maloletka" (dead)
L 06/16/2010 - 18:22:37: "bang<2067><STEAM_0:0:28278667><CT>" say "D"
L 06/16/2010 - 18:22:45: "B@BOi<2084><VALVE_0:0:882396738><TERRORIST>" say "idi devsvenost poter9i"
L 06/16/2010 - 18:22:59: "bang<2067><STEAM_0:0:28278667><CT>" say "baboi ckoko JIet?)))"
L 06/16/2010 - 18:23:20: "B@BOi<2084><VALVE_0:0:882396738><TERRORIST>" say "20"
L 06/16/2010 - 18:23:26: "bang<2067><STEAM_0:0:28278667><CT>" say "oro my)I(uk"
L 06/16/2010 - 18:23:28: "bang<2067><STEAM_0:0:28278667><CT>" say "D"
L 06/16/2010 - 18:23:32: "B@BOi<2084><VALVE_0:0:882396738><TERRORIST>" say "?"
L 06/16/2010 - 18:24:09: "B@BOi<2084><VALVE_0:0:882396738><TERRORIST>" say "4E xoteli" (dead)
L 06/16/2010 - 18:24:29: "bang<2067><STEAM_0:0:28278667><SPECTATOR>" say "baboi, teJIo4ek noptuwb y)I(e?)"
L 06/16/2010 - 18:24:32: "B@BOi<2084><VALVE_0:0:882396738><TERRORIST>" say "G1dra idi pal4ikom v pise porois9" (dead)
L 06/16/2010 - 18:24:40: "bang<2067><STEAM_0:0:28278667><SPECTATOR>" say "D"
L 06/16/2010 - 18:24:54: "B@BOi<2084><VALVE_0:0:882396738><TERRORIST>" say "bang 9 telo4ek portil kogda ty u mamo4ki sisy sosal" (dead)
L 06/16/2010 - 18:24:56: "B@BOi<2084><VALVE_0:0:882396738><TERRORIST>" say "D" (dead)
L 06/16/2010 - 18:25:06: "bang<2067><STEAM_0:0:28278667><CT>" say "ona, he npaBuJIbHbIu otBet"
L 06/16/2010 - 18:25:43: "B@BOi<2110><VALVE_0:0:882396738><TERRORIST>" say "bang pered kompom lysogo gon9ew"
L 06/16/2010 - 18:25:54: "bang<2067><STEAM_0:0:28278667><>" triggered "amx_tsay" (text "noka napeHb)") (color "white")
L 06/16/2010 - 18:34:32: "bang<2067><STEAM_0:0:28278667><CT>" say ")" (dead)
L 06/16/2010 - 18:35:37: "bang<2067><STEAM_0:0:28278667><SPECTATOR>" say "no mat"
L 06/16/2010 - 18:38:03: "bang<2067><STEAM_0:0:28278667><SPECTATOR>" say_team "da nox, 1 xep hactpoeHu9 urpatb Hed)"
L 06/16/2010 - 18:38:18: "bang<2067><STEAM_0:0:28278667><SPECTATOR>" say_team "mo)I(Ho u doxHytb"
